<?xml version="1.0" encoding="UTF-8"?>
<!-- Generated by org.testng.reporters.JUnitXMLReporter -->
<testsuite ignored="0" hostname="CE-R92N2XYYQ7" failures="0" tests="18" name="Backend API" time="9.676" errors="0" timestamp="2026-09-14T11:14:06 EEST">
  <testcase classname="com.mydemo.api.AuthApiTest" name="getProfile" time="1.219"/>
  <testcase classname="com.mydemo.api.AuthApiTest" name="loginEmpty" time="0.173"/>
  <testcase classname="com.mydemo.api.AuthApiTest" name="loginHappyPath" time="0.269"/>
  <testcase classname="com.mydemo.api.AuthApiTest" name="loginInvalid" time="0.294"/>
  <testcase classname="com.mydemo.api.AuthApiTest" name="profileInvalidToken" time="0.187"/>
  <testcase classname="com.mydemo.api.AuthApiTest" name="profileMissingToken" time="0.16"/>
  <testcase classname="com.mydemo.api.AuthApiTest" name="registerExistingEmail" time="0.366"/>
  <testcase classname="com.mydemo.api.AuthApiTest" name="registerNewUser" time="0.419"/>
  <testcase classname="com.mydemo.api.AuthApiTest" name="weakPassword" time="0.263"/>
  <testcase classname="com.mydemo.api.ProductApiTest" name="product404" time="0.195"/>
  <testcase classname="com.mydemo.api.ProductApiTest" name="productById" time="0.444"/>
  <testcase classname="com.mydemo.api.ProductApiTest" name="productList" time="0.225"/>
  <testcase classname="com.mydemo.api.ProductApiTest" name="productStructure" time="0.221"/>
  <testcase classname="com.mydemo.api.ProductApiTest" name="searchMultiple" time="0.956"/>
  <testcase classname="com.mydemo.api.ProductApiTest" name="searchNoMatch" time="0.22"/>
  <testcase classname="com.mydemo.api.ProductApiTest" name="searchPlier" time="0.219"/>
  <testcase classname="com.mydemo.api.CartApiTest" name="cartLifecycle" time="1.875"/>
  <testcase classname="com.mydemo.api.CartApiTest" name="orderDiscovery" time="1.771"/>
</testsuite> <!-- Backend API -->
