<?xml version="1.0" encoding="UTF-8"?>
<!-- Generated by org.testng.reporters.JUnitXMLReporter -->
<testsuite ignored="0" hostname="CE-R92N2XYYQ7" failures="1" tests="18" name="Mobile UI - Android" time="245.016" errors="0" timestamp="2026-09-14T11:13:56 EEST">
  <testcase classname="com.mydemo.tests.NavigationTest" name="backToCatalog" time="3.724"/>
  <testcase classname="com.mydemo.tests.NavigationTest" name="catalogLoadsByDefault" time="1.895"/>
  <testcase classname="com.mydemo.tests.NavigationTest" name="navigateToAbout" time="10.008"/>
  <testcase classname="com.mydemo.tests.NavigationTest" name="sideMenuEntries" time="2.891"/>
  <testcase classname="com.mydemo.tests.LoginTest" name="emptyFieldsError" time="5.225"/>
  <testcase classname="com.mydemo.tests.LoginTest" name="invalidCredentialsError" time="6.925"/>
  <testcase classname="com.mydemo.tests.LoginTest" name="lockedUserError" time="6.926"/>
  <testcase classname="com.mydemo.tests.LoginTest" name="loginHappyPath" time="8.056"/>
  <testcase classname="com.mydemo.tests.CatalogTest" name="catalogShowsProducts" time="1.832"/>
  <testcase classname="com.mydemo.tests.CatalogTest" name="openProductDetail" time="2.888"/>
  <testcase classname="com.mydemo.tests.CatalogTest" name="sortByNameAsc" time="3.696"/>
  <testcase classname="com.mydemo.tests.CatalogTest" name="sortByPriceDesc" time="3.649"/>
  <testcase classname="com.mydemo.tests.CartTest" name="addToCart" time="4.275"/>
  <testcase classname="com.mydemo.tests.CartTest" name="addTwoProducts" time="15.499">
    <failure type="java.lang.AssertionError" message="second product detail not loaded expected [true] but found [false]">
      <![CDATA[java.lang.AssertionError: second product detail not loaded expected [true] but found [false]
at com.mydemo.tests.CartTest.addTwoProducts(CartTest.java:65)
at java.base/java.util.ArrayList.forEach(ArrayList.java:1511)
... Removed 34 stack frames]]>
    </failure>
  </testcase> <!-- addTwoProducts -->
  <testcase classname="com.mydemo.tests.CartTest" name="changeQuantity" time="5.291"/>
  <testcase classname="com.mydemo.tests.CartTest" name="removeItem" time="10.17"/>
  <testcase classname="com.mydemo.tests.CheckoutTest" name="fullCheckout" time="27.587"/>
  <testcase classname="com.mydemo.tests.CheckoutTest" name="invalidPaymentBlocked" time="38.004"/>
</testsuite> <!-- Mobile UI - Android -->
