<?xml version="1.0" encoding="UTF-8"?>
<!-- Generated by org.testng.reporters.JUnitXMLReporter -->
<testsuite ignored="0" hostname="CE-R92N2XYYQ7" failures="0" tests="18" name="Mobile UI - Android" time="233.35" errors="0" timestamp="2026-09-14T16:57:03 EEST">
  <testcase classname="com.mydemo.tests.NavigationTest" name="backToCatalog" time="3.45"/>
  <testcase classname="com.mydemo.tests.NavigationTest" name="catalogLoadsByDefault" time="1.994"/>
  <testcase classname="com.mydemo.tests.NavigationTest" name="navigateToAbout" time="9.911"/>
  <testcase classname="com.mydemo.tests.NavigationTest" name="sideMenuEntries" time="3.094"/>
  <testcase classname="com.mydemo.tests.LoginTest" name="emptyFieldsError" time="5.32"/>
  <testcase classname="com.mydemo.tests.LoginTest" name="invalidCredentialsError" time="7.186"/>
  <testcase classname="com.mydemo.tests.LoginTest" name="lockedUserError" time="6.207"/>
  <testcase classname="com.mydemo.tests.LoginTest" name="loginHappyPath" time="8.067"/>
  <testcase classname="com.mydemo.tests.CatalogTest" name="catalogShowsProducts" time="1.911"/>
  <testcase classname="com.mydemo.tests.CatalogTest" name="openProductDetail" time="2.829"/>
  <testcase classname="com.mydemo.tests.CatalogTest" name="sortByNameAsc" time="3.639"/>
  <testcase classname="com.mydemo.tests.CatalogTest" name="sortByPriceDesc" time="3.542"/>
  <testcase classname="com.mydemo.tests.CartTest" name="addToCart" time="4.18"/>
  <testcase classname="com.mydemo.tests.CartTest" name="addTwoProducts" time="7.459"/>
  <testcase classname="com.mydemo.tests.CartTest" name="changeQuantity" time="4.897"/>
  <testcase classname="com.mydemo.tests.CartTest" name="removeItem" time="9.707"/>
  <testcase classname="com.mydemo.tests.CheckoutTest" name="fullCheckout" time="26.74"/>
  <testcase classname="com.mydemo.tests.CheckoutTest" name="invalidPaymentBlocked" time="38.067"/>
</testsuite> <!-- Mobile UI - Android -->
