<?xml version="1.0" encoding="UTF-8"?>
<testsuite xmlns:xsi="http://www.w3.org/2001/XMLSchema-instance" xsi:noNamespaceSchemaLocation="https://maven.apache.org/surefire/maven-surefire-plugin/xsd/surefire-test-report-3.0.xsd" version="3.0" name="TestSuite" time="10.299" tests="18" errors="0" skipped="0" failures="0">
  <properties>
[...]
</properties>
  <testcase name="getProfile" classname="com.mydemo.api.AuthApiTest" time="1.389">
    <system-out><![CDATA[<- 200 GET /users/me (204ms)
]]></system-out>
  </testcase>
  <testcase name="loginEmpty" classname="com.mydemo.api.AuthApiTest" time="0.192">
    <system-out><![CDATA[-> POST https://api.practicesoftwaretesting.com/users/login
  Request Body: {password=, email=}
<- 401 POST /users/login (190ms)
  Response Body: {"error":"Invalid login request"}
]]></system-out>
  </testcase>
  <testcase name="loginHappyPath" classname="com.mydemo.api.AuthApiTest" time="0.313">
    <system-out><![CDATA[-> POST https://api.practicesoftwaretesting.com/users/login
  Request Body: {password=welcome01, email=customer@practicesoftwaretesting.com}
<- 200 POST /users/login (300ms)
  Response Body: {"access_token":"eyJ0eXAiOiJKV1QiLCJhbGciOiJIUzI1NiJ9.eyJpc3MiOiJodHRwczovL2FwaS5wcmFjdGljZXNvZnR3YXJldGVzdGluZy5jb20vdXNlcnMvbG9naW4iLCJpYXQiOjE3ODkzOTQ3ODgsImV4cCI6MTc4OTM5NTA4OCwibmJmIjoxNzg5Mzk0Nzg4LCJqdGkiOiJqekZxSHVTRm1NU3BhdE9pIiwic3ViIjoiMDFNMkczRlhZQ0RDN1RRWlo2Q1ZSNkFLREUiLCJwcnYiOiIyM2JkNWM4OTQ5ZjYwMGFkYjM5ZTcwMWM0MDA4NzJkYjdhNTk3NmY3Iiwicm9sZSI6InVzZXIifQ.dkyWdUXBqEuLxTwgrLmhIvIDEXYIf6icFFVZxulzOvo","token_type":"bearer","expires_in":300}
]]></system-out>
  </testcase>
  <testcase name="loginInvalid" classname="com.mydemo.api.AuthApiTest" time="0.312">
    <system-out><![CDATA[-> POST https://api.practicesoftwaretesting.com/users/login
  Request Body: {password=wrongpassword, email=customer@practicesoftwaretesting.com}
<- 401 POST /users/login (300ms)
  Response Body: {"error":"Unauthorized"}
]]></system-out>
  </testcase>
  <testcase name="profileInvalidToken" classname="com.mydemo.api.AuthApiTest" time="0.174"/>
  <testcase name="profileMissingToken" classname="com.mydemo.api.AuthApiTest" time="0.162"/>
  <testcase name="registerExistingEmail" classname="com.mydemo.api.AuthApiTest" time="0.428">
    <system-out><![CDATA[-> POST https://api.practicesoftwaretesting.com/users/register
  Request Body: {password=Xk9#mQ2$vL, email=customer@practicesoftwaretesting.com, last_name=Test, first_name=API}
<- 409 POST /users/register (416ms)
  Response Body: {"email":["A customer with this email address already exists."]}
]]></system-out>
  </testcase>
  <testcase name="registerNewUser" classname="com.mydemo.api.AuthApiTest" time="0.566">
    <system-out><![CDATA[-> POST https://api.practicesoftwaretesting.com/users/register
  Request Body: {password=Xk9#mQ2$vL, last_name=Test, first_name=API, email=apitest1789394789155@example.com}
<- 201 POST /users/register (547ms)
  Response Body: {"last_name":"Test","first_name":"API","email":"apitest1789394789155@example.com","id":"01m2g3v98m2qz0aynd08843taq","created_at":"2026-09-14 14:06:29","address":{"street":null,"house_number":null,"city":null,"state":null,"country":null,"postal_code":null}}
]]></system-out>
  </testcase>
  <testcase name="weakPassword" classname="com.mydemo.api.AuthApiTest" time="0.197">
    <system-out><![CDATA[-> POST https://api.practicesoftwaretesting.com/users/register
  Request Body: {password=123, email=apitest1789394789722@example.com, last_name=Test, first_name=API}
<- 422 POST /users/register (188ms)
  Response Body: {"password":["The password field must be at least 8 characters.","The password field must contain at least one uppercase and one lowercase letter.","The password field must contain at least one symbol."]}
]]></system-out>
  </testcase>
  <testcase name="product404" classname="com.mydemo.api.ProductApiTest" time="0.246">
    <system-out><![CDATA[-> GET https://api.practicesoftwaretesting.com/products/nonexistent123
<- 404 GET /products/nonexistent123 (244ms)
]]></system-out>
  </testcase>
  <testcase name="productById" classname="com.mydemo.api.ProductApiTest" time="0.53">
    <system-out><![CDATA[-> GET https://api.practicesoftwaretesting.com/products
<- 200 GET /products (273ms)
-> GET https://api.practicesoftwaretesting.com/products/01M2G3FY7NT518M1TZM4NS5PWK
<- 200 GET /products/01M2G3FY7NT518M1TZM4NS5PWK (211ms)
]]></system-out>
  </testcase>
  <testcase name="productList" classname="com.mydemo.api.ProductApiTest" time="0.224">
    <system-out><![CDATA[-> GET https://api.practicesoftwaretesting.com/products
<- 200 GET /products (191ms)
]]></system-out>
  </testcase>
  <testcase name="productStructure" classname="com.mydemo.api.ProductApiTest" time="0.196">
    <system-out><![CDATA[-> GET https://api.practicesoftwaretesting.com/products
<- 200 GET /products (178ms)
]]></system-out>
  </testcase>
  <testcase name="searchMultiple" classname="com.mydemo.api.ProductApiTest" time="0.676">
    <system-out><![CDATA[-> GET https://api.practicesoftwaretesting.com/products?name=Hammer
<- 200 GET /products?name=Hammer (228ms)
-> GET https://api.practicesoftwaretesting.com/products?name=Plier
<- 200 GET /products?name=Plier (224ms)
-> GET https://api.practicesoftwaretesting.com/products?name=Saw
<- 200 GET /products?name=Saw (209ms)
]]></system-out>
  </testcase>
  <testcase name="searchNoMatch" classname="com.mydemo.api.ProductApiTest" time="0.208">
    <system-out><![CDATA[-> GET https://api.practicesoftwaretesting.com/products?name=zzzzNonExistentProduct
<- 200 GET /products?name=zzzzNonExistentProduct (198ms)
]]></system-out>
  </testcase>
  <testcase name="searchPlier" classname="com.mydemo.api.ProductApiTest" time="0.226">
    <system-out><![CDATA[-> GET https://api.practicesoftwaretesting.com/products?name=Plier
<- 200 GET /products?name=Plier (212ms)
]]></system-out>
  </testcase>
  <testcase name="cartLifecycle" classname="com.mydemo.api.CartApiTest" time="1.886">
    <system-out><![CDATA[productId=01M2G3FY7NT518M1TZM4NS5PWK
POST /carts -> 201 {"id":"01m2g3vc69f5mhvwm2vwsq715p"}
POST /carts/01m2g3vc69f5mhvwm2vwsq715p -> 200 {"result":"item added or updated"}
]]></system-out>
  </testcase>
  <testcase name="orderDiscovery" classname="com.mydemo.api.CartApiTest" time="1.843">
    <system-out><![CDATA[POST /orders => 404
POST /order => 404
POST /carts/01m2g3ve2b6hww58vwy28n61c0/orders => 404
POST /carts/01m2g3ve2b6hww58vwy28n61c0/order => 404
POST /checkout => 404
]]></system-out>
  </testcase>
</testsuite>