<?xml version="1.0" encoding="UTF-8"?>
<!-- Generated by org.testng.reporters.JUnitReportReporter -->
<testsuite hostname="CE-R92N2XYYQ7" failures="0" tests="4" name="com.mydemo.tests.LoginTest" time="45.179" errors="0" timestamp="2026-09-14T16:57:03 EEST" skipped="0">
  <testcase classname="com.mydemo.tests.LoginTest" name="emptyFieldsError" time="9.853"/>
  <testcase classname="com.mydemo.tests.LoginTest" name="invalidCredentialsError" time="11.833"/>
  <testcase classname="com.mydemo.tests.LoginTest" name="loginHappyPath" time="12.632"/>
  <testcase classname="com.mydemo.tests.LoginTest" name="lockedUserError" time="10.861"/>
</testsuite> <!-- com.mydemo.tests.LoginTest -->
