<?xml version="1.0" encoding="UTF-8"?>
<!-- Generated by org.testng.reporters.JUnitReportReporter -->
<testsuite hostname="CE-R92N2XYYQ7" failures="0" tests="4" name="com.mydemo.tests.NavigationTest" time="38.881" errors="0" timestamp="2026-09-14T16:57:03 EEST" skipped="0">
  <testcase classname="com.mydemo.tests.NavigationTest" name="navigateToAbout" time="14.639"/>
  <testcase classname="com.mydemo.tests.NavigationTest" name="sideMenuEntries" time="7.778"/>
  <testcase classname="com.mydemo.tests.NavigationTest" name="catalogLoadsByDefault" time="6.550"/>
  <testcase classname="com.mydemo.tests.NavigationTest" name="backToCatalog" time="9.914"/>
</testsuite> <!-- com.mydemo.tests.NavigationTest -->
