<?xml version="1.0" encoding="UTF-8"?>
<!-- Generated by org.testng.reporters.JUnitReportReporter -->
<testsuite hostname="CE-R92N2XYYQ7" failures="0" tests="9" name="com.mydemo.api.AuthApiTest" time="3.695" errors="0" timestamp="2026-09-14T17:06:36 EEST" skipped="0">
  <testcase classname="com.mydemo.api.AuthApiTest" name="profileInvalidToken" time="0.174"/>
  <testcase classname="com.mydemo.api.AuthApiTest" name="loginHappyPath" time="0.312"/>
  <testcase classname="com.mydemo.api.AuthApiTest" name="loginInvalid" time="0.310"/>
  <testcase classname="com.mydemo.api.AuthApiTest" name="profileMissingToken" time="0.161"/>
  <testcase classname="com.mydemo.api.AuthApiTest" name="registerExistingEmail" time="0.425"/>
  <testcase classname="com.mydemo.api.AuthApiTest" name="weakPassword" time="0.196"/>
  <testcase classname="com.mydemo.api.AuthApiTest" name="loginEmpty" time="0.192"/>
  <testcase classname="com.mydemo.api.AuthApiTest" name="getProfile" time="1.362"/>
  <testcase classname="com.mydemo.api.AuthApiTest" name="registerNewUser" time="0.563"/>
</testsuite> <!-- com.mydemo.api.AuthApiTest -->
