<?xml version="1.0" encoding="UTF-8"?>
<!-- Generated by org.testng.reporters.JUnitReportReporter -->
<testsuite hostname="CE-R92N2XYYQ7" failures="0" tests="4" name="com.mydemo.tests.CatalogTest" time="30.181" errors="0" timestamp="2026-09-14T16:57:03 EEST" skipped="0">
  <testcase classname="com.mydemo.tests.CatalogTest" name="sortByNameAsc" time="8.267"/>
  <testcase classname="com.mydemo.tests.CatalogTest" name="catalogShowsProducts" time="6.510"/>
  <testcase classname="com.mydemo.tests.CatalogTest" name="sortByPriceDesc" time="8.055"/>
  <testcase classname="com.mydemo.tests.CatalogTest" name="openProductDetail" time="7.349"/>
</testsuite> <!-- com.mydemo.tests.CatalogTest -->
