<?xml version="1.0" encoding="UTF-8"?>
<!-- Generated by org.testng.reporters.JUnitReportReporter -->
<testsuite hostname="CE-R92N2XYYQ7" failures="0" tests="4" name="com.mydemo.tests.CartTest" time="44.524" errors="0" timestamp="2026-09-14T16:57:03 EEST" skipped="0">
  <testcase classname="com.mydemo.tests.CartTest" name="addToCart" time="8.737"/>
  <testcase classname="com.mydemo.tests.CartTest" name="changeQuantity" time="9.473"/>
  <testcase classname="com.mydemo.tests.CartTest" name="removeItem" time="14.199"/>
  <testcase classname="com.mydemo.tests.CartTest" name="addTwoProducts" time="12.115"/>
</testsuite> <!-- com.mydemo.tests.CartTest -->
