<?xml version="1.0" encoding="UTF-8"?>
<!-- Generated by org.testng.reporters.JUnitReportReporter -->
<testsuite hostname="CE-R92N2XYYQ7" failures="0" tests="2" name="com.mydemo.tests.CheckoutTest" time="74.414" errors="0" timestamp="2026-09-14T16:57:03 EEST" skipped="0">
  <testcase classname="com.mydemo.tests.CheckoutTest" name="fullCheckout" time="31.569"/>
  <testcase classname="com.mydemo.tests.CheckoutTest" name="invalidPaymentBlocked" time="42.845"/>
</testsuite> <!-- com.mydemo.tests.CheckoutTest -->
