<?xml version="1.0" encoding="UTF-8"?>
<!-- Generated by org.testng.reporters.JUnitReportReporter -->
<testsuite hostname="CE-R92N2XYYQ7" failures="0" tests="7" name="com.mydemo.api.ProductApiTest" time="2.285" errors="0" timestamp="2026-09-14T17:06:36 EEST" skipped="0">
  <testcase classname="com.mydemo.api.ProductApiTest" name="searchPlier" time="0.225"/>
  <testcase classname="com.mydemo.api.ProductApiTest" name="product404" time="0.244"/>
  <testcase classname="com.mydemo.api.ProductApiTest" name="productStructure" time="0.195"/>
  <testcase classname="com.mydemo.api.ProductApiTest" name="searchMultiple" time="0.662"/>
  <testcase classname="com.mydemo.api.ProductApiTest" name="productById" time="0.529"/>
  <testcase classname="com.mydemo.api.ProductApiTest" name="productList" time="0.223"/>
  <testcase classname="com.mydemo.api.ProductApiTest" name="searchNoMatch" time="0.207"/>
</testsuite> <!-- com.mydemo.api.ProductApiTest -->
