<?xml version="1.0" encoding="UTF-8"?>
<!-- Generated by org.testng.reporters.JUnitXMLReporter -->
<testsuite ignored="0" hostname="CE-R92N2XYYQ7" failures="0" tests="18" name="Backend API" time="9.938" errors="0" timestamp="2026-09-14T17:06:35 EEST">
  <testcase classname="com.mydemo.api.AuthApiTest" name="getProfile" time="1.362"/>
  <testcase classname="com.mydemo.api.AuthApiTest" name="loginEmpty" time="0.192"/>
  <testcase classname="com.mydemo.api.AuthApiTest" name="loginHappyPath" time="0.312"/>
  <testcase classname="com.mydemo.api.AuthApiTest" name="loginInvalid" time="0.31"/>
  <testcase classname="com.mydemo.api.AuthApiTest" name="profileInvalidToken" time="0.174"/>
  <testcase classname="com.mydemo.api.AuthApiTest" name="profileMissingToken" time="0.161"/>
  <testcase classname="com.mydemo.api.AuthApiTest" name="registerExistingEmail" time="0.425"/>
  <testcase classname="com.mydemo.api.AuthApiTest" name="registerNewUser" time="0.563"/>
  <testcase classname="com.mydemo.api.AuthApiTest" name="weakPassword" time="0.196"/>
  <testcase classname="com.mydemo.api.ProductApiTest" name="product404" time="0.244"/>
  <testcase classname="com.mydemo.api.ProductApiTest" name="productById" time="0.529"/>
  <testcase classname="com.mydemo.api.ProductApiTest" name="productList" time="0.223"/>
  <testcase classname="com.mydemo.api.ProductApiTest" name="productStructure" time="0.195"/>
  <testcase classname="com.mydemo.api.ProductApiTest" name="searchMultiple" time="0.662"/>
  <testcase classname="com.mydemo.api.ProductApiTest" name="searchNoMatch" time="0.207"/>
  <testcase classname="com.mydemo.api.ProductApiTest" name="searchPlier" time="0.225"/>
  <testcase classname="com.mydemo.api.CartApiTest" name="cartLifecycle" time="1.885"/>
  <testcase classname="com.mydemo.api.CartApiTest" name="orderDiscovery" time="1.841"/>
</testsuite> <!-- Backend API -->
